Der Buildvorgang wurde am 20.08.2015 20:02:32 gestartet.
     1>Projekt "C:\Users\mens\Source\Repos\VC\ProjektX\ProjektX\ProjektX.vcxproj" auf Knoten "2", Build Ziel(e).
     1>ClCompile:
         C:\Program Files (x86)\Microsoft Visual Studio 14.0\VC\bin\x86_amd64\CL.exe /c /IC:\Users\Public\VC\Praktikum\opencv\build\x64\vc12\..\..\include /ZI /nologo /W3 /WX- /sdl /Od /D _MBCS /Gm /EHsc /RTC1 /MDd /GS /fp:precise /Zc:wchar_t /Zc:forScope /Zc:inline /Fo"x64\Debug\\" /Fd"x64\Debug\vc140.pdb" /Gd /TP /errorReport:prompt Projection.cpp Projektion.cpp Quelle2.cpp
         Quelle2.cpp
     1>c:\users\mens\source\repos\vc\projektx\projektx\quelle2.cpp(35): error C2143: Syntaxfehler: Es fehlt ";" vor "}"
         Projektion.cpp
     1>c:\users\mens\source\repos\vc\projektx\projektx\projektion.cpp(10): error C2600: "Projektion::Projektion": Vom Compiler generierte spezielle Memberfunktion kann nicht definiert werden (vorherige Deklaration in der Klasse erforderlich)
     1>c:\users\mens\source\repos\vc\projektx\projektx\projektion.cpp(15): error C2600: "Projektion::~Projektion": Vom Compiler generierte spezielle Memberfunktion kann nicht definiert werden (vorherige Deklaration in der Klasse erforderlich)
         Projection.cpp
     1>c:\users\mens\source\repos\vc\projektx\projektx\projection.cpp(20): error C2352: "Projektion::change": Unzulässiger Aufruf einer nicht statischen Memberfunktion
         c:\users\mens\source\repos\vc\projektx\projektx\projektion.h(26): note: Siehe Deklaration von "Projektion::change"
         Code wird generiert...
     1>Die Erstellung des Projekts "C:\Users\mens\Source\Repos\VC\ProjektX\ProjektX\ProjektX.vcxproj" ist abgeschlossen, Build Ziel(e) -- FEHLER.

Fehler beim Buildvorgang.

Verstrichene Zeit 00:00:03.13
