Der Buildvorgang wurde am 18.08.2015 18:38:02 gestartet.
     1>Projekt "C:\Users\mens\Documents\GitHubVisualStudio\VisualStudio\ProjektX\ProjektX\ProjektX.vcxproj" auf Knoten "2", Build Ziel(e).
     1>ClCompile:
         C:\Program Files (x86)\Microsoft Visual Studio 14.0\VC\bin\x86_amd64\CL.exe /c /IC:\Users\Public\VC\Praktikum\opencv\build\x64\vc12\..\..\include /Zi /nologo /W3 /WX- /sdl /O2 /Oi /GL /D _MBCS /Gm- /EHsc /MD /GS /Gy /fp:precise /Zc:wchar_t /Zc:forScope /Zc:inline /Fo"x64\Release\\" /Fd"x64\Release\vc140.pdb" /Gd /TP /errorReport:prompt Quelle1.cpp
         Quelle1.cpp
     1>Quelle1.cpp(28): warning C4244: "Initialisierung": Konvertierung von "double" in "int", möglicher Datenverlust
     1>Quelle1.cpp(38): error C2065: "MserFeatureDetector": nichtdeklarierter Bezeichner
     1>Quelle1.cpp(38): error C2146: Syntaxfehler: Fehlendes ";" vor Bezeichner "mser"
     1>Quelle1.cpp(38): error C2064: Ausdruck ergibt keine Funktion, die 5 Argumente übernimmt
     1>Quelle1.cpp(39): error C2064: Ausdruck ergibt keine Funktion, die 2 Argumente übernimmt
     1>Die Erstellung des Projekts "C:\Users\mens\Documents\GitHubVisualStudio\VisualStudio\ProjektX\ProjektX\ProjektX.vcxproj" ist abgeschlossen, Build Ziel(e) -- FEHLER.

Fehler beim Buildvorgang.

Verstrichene Zeit 00:00:00.88
